RUN	example.HelloSpec		hellospec	1558713664658	 	2.0
USER	RecordedSimulation1	1	START	1558713666800	1558713666800
REQUEST	RecordedSimulation1	1		request_0	1558713666856	1558713667760	OK	 
REQUEST	RecordedSimulation1	1		logo.gif	1558713667978	1558713668140	OK	 
REQUEST	RecordedSimulation1	1		home.gif	1558713668159	1558713668312	OK	 
REQUEST	RecordedSimulation1	1		banner2.gif	1558713667989	1558713668326	OK	 
REQUEST	RecordedSimulation1	1		boxad1.gif	1558713667985	1558713668328	OK	 
REQUEST	RecordedSimulation1	1		mast_construction.gif	1558713668009	1558713668328	OK	 
REQUEST	RecordedSimulation1	1		html.gif	1558713667982	1558713668329	OK	 
REQUEST	RecordedSimulation1	1		spacer.gif	1558713668010	1558713668327	KO	status.find.in(200,304,201,202,203,204,205,206,207,208,209), but actually found 404
REQUEST	RecordedSimulation1	1		request_1	1558713668315	1558713668469	OK	 
REQUEST	RecordedSimulation1	1		request_2	1558713668330	1558713668486	OK	 
REQUEST	RecordedSimulation1	1		request_3	1558713669509	1558713669985	OK	 
REQUEST	RecordedSimulation1	1		hdr_specials.gif	1558713670020	1558713670174	OK	 
REQUEST	RecordedSimulation1	1		spacer.gif	1558713670022	1558713670176	KO	status.find.in(200,304,201,202,203,204,205,206,207,208,209), but actually found 404
REQUEST	RecordedSimulation1	1		hdr_tips.gif	1558713670024	1558713670178	OK	 
REQUEST	RecordedSimulation1	1		hdr_findflight.gif	1558713670028	1558713670182	OK	 
REQUEST	RecordedSimulation1	1		tip93.gif	1558713670026	1558713670184	OK	 
REQUEST	RecordedSimulation1	1		featured_destination.gif	1558713670018	1558713670324	OK	 
REQUEST	RecordedSimulation1	1		hdr_vacation.gif	1558713670178	1558713670333	OK	 
REQUEST	RecordedSimulation1	1		hdr_register.gif	1558713670184	1558713670339	OK	 
REQUEST	RecordedSimulation1	1		icn_vacations.gif	1558713670181	1558713670339	OK	 
REQUEST	RecordedSimulation1	1		icn_register.gif	1558713670185	1558713670344	OK	 
REQUEST	RecordedSimulation1	1		btn_signin.gif	1558713670031	1558713670344	OK	 
REQUEST	RecordedSimulation1	1		icn_destinations.gif	1558713670036	1558713670348	OK	 
REQUEST	RecordedSimulation1	1		hdr_right.gif	1558713670029	1558713670350	OK	 
REQUEST	RecordedSimulation1	1		hdr_links.gif	1558713670193	1558713670352	OK	 
REQUEST	RecordedSimulation1	1		hdr_destinations.gif	1558713670033	1558713670358	OK	 
REQUEST	RecordedSimulation1	1		request_4	1558713670328	1558713670480	OK	 
REQUEST	RecordedSimulation1	1		request_5	1558713670336	1558713670489	OK	 
USER	RecordedSimulation1	1	END	1558713666800	1558713670494
